Determining if the include file pthread.h exists failed with the following output:
Change Dir: C:/Users/emile/Desktop/CS3505/A7/build-a7-sprite-editor-f22-Stefan-Mada-Desktop_Qt_6_4_0_MinGW_64_bit-Debug/CMakeFiles/CMakeTmp

Run Build Command(s):C:/Qt/Tools/Ninja/ninja.exe cmTC_8ec5b && [1/2] Building CXX object CMakeFiles/cmTC_8ec5b.dir/CheckIncludeFile.cxx.obj
[2/2] Linking CXX executable cmTC_8ec5b.exe
FAILED: cmTC_8ec5b.exe 
cmd.exe /C "cd . && C:\Qt\Tools\mingw1120_64\bin\g++.exe -Wall -Wextra -Werror -Wstrict-aliasing -Wshadow -fsanitize=undefined -fsanitize=address  CMakeFiles/cmTC_8ec5b.dir/CheckIncludeFile.cxx.obj -o cmTC_8ec5b.exe -Wl,--out-implib,libcmTC_8ec5b.dll.a -Wl,--major-image-version,0,--minor-image-version,0  -lkernel32 -luser32 -lgdi32 -lwinspool -lshell32 -lole32 -loleaut32 -luuid -lcomdlg32 -ladvapi32 && cd ."
C:/Qt/Tools/mingw1120_64/bin/../lib/gcc/x86_64-w64-mingw32/11.2.0/../../../../x86_64-w64-mingw32/bin/ld.exe: cannot find -lasan
C:/Qt/Tools/mingw1120_64/bin/../lib/gcc/x86_64-w64-mingw32/11.2.0/../../../../x86_64-w64-mingw32/bin/ld.exe: cannot find -lubsan
collect2.exe: error: ld returned 1 exit status
ninja: build stopped: subcommand failed.



Performing C++ SOURCE FILE Test HAVE_STDATOMIC failed with the following output:
Change Dir: C:/Users/emile/Desktop/CS3505/A7/build-a7-sprite-editor-f22-Stefan-Mada-Desktop_Qt_6_4_0_MinGW_64_bit-Debug/CMakeFiles/CMakeTmp

Run Build Command(s):C:/Qt/Tools/Ninja/ninja.exe cmTC_d8d31 && [1/2] Building CXX object CMakeFiles/cmTC_d8d31.dir/src.cxx.obj
[2/2] Linking CXX executable cmTC_d8d31.exe
FAILED: cmTC_d8d31.exe 
cmd.exe /C "cd . && C:\Qt\Tools\mingw1120_64\bin\g++.exe -Wall -Wextra -Werror -Wstrict-aliasing -Wshadow -fsanitize=undefined -fsanitize=address  CMakeFiles/cmTC_d8d31.dir/src.cxx.obj -o cmTC_d8d31.exe -Wl,--out-implib,libcmTC_d8d31.dll.a -Wl,--major-image-version,0,--minor-image-version,0  -lkernel32 -luser32 -lgdi32 -lwinspool -lshell32 -lole32 -loleaut32 -luuid -lcomdlg32 -ladvapi32 && cd ."
C:/Qt/Tools/mingw1120_64/bin/../lib/gcc/x86_64-w64-mingw32/11.2.0/../../../../x86_64-w64-mingw32/bin/ld.exe: cannot find -lasan
C:/Qt/Tools/mingw1120_64/bin/../lib/gcc/x86_64-w64-mingw32/11.2.0/../../../../x86_64-w64-mingw32/bin/ld.exe: cannot find -lubsan
collect2.exe: error: ld returned 1 exit status
ninja: build stopped: subcommand failed.


Source file was:
#include <atomic>
#include <cstdint>

int main(int, char **)
{
    volatile std::atomic<char>    size_1;
    volatile std::atomic<short>   size_2;
    volatile std::atomic<int>     size_4;
    volatile std::atomic<int64_t> size_8;

    ++size_1;
    ++size_2;
    ++size_4;
    ++size_8;

    (void)size_1.load(std::memory_order_relaxed);
    (void)size_2.load(std::memory_order_relaxed);
    (void)size_4.load(std::memory_order_relaxed);
    (void)size_8.load(std::memory_order_relaxed);

    return 0;
}
Performing C++ SOURCE FILE Test HAVE_STDATOMIC_WITH_LIB failed with the following output:
Change Dir: C:/Users/emile/Desktop/CS3505/A7/build-a7-sprite-editor-f22-Stefan-Mada-Desktop_Qt_6_4_0_MinGW_64_bit-Debug/CMakeFiles/CMakeTmp

Run Build Command(s):C:/Qt/Tools/Ninja/ninja.exe cmTC_7e862 && [1/2] Building CXX object CMakeFiles/cmTC_7e862.dir/src.cxx.obj
[2/2] Linking CXX executable cmTC_7e862.exe
FAILED: cmTC_7e862.exe 
cmd.exe /C "cd . && C:\Qt\Tools\mingw1120_64\bin\g++.exe -Wall -Wextra -Werror -Wstrict-aliasing -Wshadow -fsanitize=undefined -fsanitize=address  CMakeFiles/cmTC_7e862.dir/src.cxx.obj -o cmTC_7e862.exe -Wl,--out-implib,libcmTC_7e862.dll.a -Wl,--major-image-version,0,--minor-image-version,0  -latomic  -lkernel32 -luser32 -lgdi32 -lwinspool -lshell32 -lole32 -loleaut32 -luuid -lcomdlg32 -ladvapi32 && cd ."
C:/Qt/Tools/mingw1120_64/bin/../lib/gcc/x86_64-w64-mingw32/11.2.0/../../../../x86_64-w64-mingw32/bin/ld.exe: cannot find -lasan
C:/Qt/Tools/mingw1120_64/bin/../lib/gcc/x86_64-w64-mingw32/11.2.0/../../../../x86_64-w64-mingw32/bin/ld.exe: cannot find -lubsan
collect2.exe: error: ld returned 1 exit status
ninja: build stopped: subcommand failed.


Source file was:
#include <atomic>
#include <cstdint>

int main(int, char **)
{
    volatile std::atomic<char>    size_1;
    volatile std::atomic<short>   size_2;
    volatile std::atomic<int>     size_4;
    volatile std::atomic<int64_t> size_8;

    ++size_1;
    ++size_2;
    ++size_4;
    ++size_8;

    (void)size_1.load(std::memory_order_relaxed);
    (void)size_2.load(std::memory_order_relaxed);
    (void)size_4.load(std::memory_order_relaxed);
    (void)size_8.load(std::memory_order_relaxed);

    return 0;
}
